<?xml version="1.0" encoding="UTF-8"?>
<!-- Generated by org.testng.reporters.JUnitReportReporter -->
<testsuite hostname="ASDW0135" name="com.qait.sakurai.automation.tests.TatocAdv_Test" tests="6" failures="0" timestamp="5 Sep 2018 13:19:38 GMT" time="6.280" errors="0">
  <testcase name="testSkipThePlayerPage" time="0.191" classname="com.qait.sakurai.automation.tests.TatocAdv_Test"/>
  <testcase name="testfetchCredentialsEnterAndProceed" time="1.286" classname="com.qait.sakurai.automation.tests.TatocAdv_Test"/>
  <testcase name="testClickOnAdvCourse" time="0.226" classname="com.qait.sakurai.automation.tests.TatocAdv_Test"/>
  <testcase name="testMoveToMenu2AndGoNext" time="0.233" classname="com.qait.sakurai.automation.tests.TatocAdv_Test"/>
  <testcase name="testDownloadFileAndInputSign" time="3.549" classname="com.qait.sakurai.automation.tests.TatocAdv_Test"/>
  <testcase name="testGetSessionAndPostSignature" time="0.795" classname="com.qait.sakurai.automation.tests.TatocAdv_Test"/>
</testsuite> <!-- com.qait.sakurai.automation.tests.TatocAdv_Test -->
